2020-04-11 09:11:15.035 DEBUG [main] [com.cts.pages.AddToCartClass] [user_launch_the_chrome_application] [com.cts.Stepdefinition.AddToCart.user_launch_the_chrome_application(AddToCart.java:26)] - the chrome launched
2020-04-11 09:11:26.395 DEBUG [main] [com.cts.pages.AddToCartClass] [the_user_login_using_username_and_password] [com.cts.Stepdefinition.AddToCart.the_user_login_using_username_and_password(AddToCart.java:34)] - the user logged to the account 
2020-04-11 09:11:29.485 DEBUG [main] [com.cts.pages.AddToCartClass] [go_to_wishlist] [com.cts.Stepdefinition.AddToCart.go_to_wishlist(AddToCart.java:41)] - items added to the wishlist
2020-04-11 09:11:33.454 DEBUG [main] [com.cts.pages.AddToCartClass] [add_the_product_to_cart] [com.cts.Stepdefinition.AddToCart.add_the_product_to_cart(AddToCart.java:50)] - selected products added to the cart
2020-04-11 09:30:29.063 DEBUG [main] [com.cts.pages.AddToCartClass] [user_launch_the_chrome_application] [com.cts.Stepdefinition.AddToCart.user_launch_the_chrome_application(AddToCart.java:26)] - the chrome launched
2020-04-11 09:30:34.878 DEBUG [main] [com.cts.pages.AddToCartClass] [the_user_login_using_username_and_password] [com.cts.Stepdefinition.AddToCart.the_user_login_using_username_and_password(AddToCart.java:34)] - the user logged to the account 
2020-04-11 09:30:36.804 DEBUG [main] [com.cts.pages.AddToCartClass] [go_to_wishlist] [com.cts.Stepdefinition.AddToCart.go_to_wishlist(AddToCart.java:41)] - items added to the wishlist
2020-04-11 09:30:40.584 DEBUG [main] [com.cts.pages.AddToCartClass] [add_the_product_to_cart] [com.cts.Stepdefinition.AddToCart.add_the_product_to_cart(AddToCart.java:50)] - selected products added to the cart
2020-04-11 11:59:43.287 DEBUG [main] [com.cts.pages.RegisterAndLoginClass] [the_user_launch_the_chrome_application] [com.cts.Stepdefinition.RegisterAndLogin.the_user_launch_the_chrome_application(RegisterAndLogin.java:22)] - Chrome is launched
2020-04-11 11:59:55.815 DEBUG [main] [com.cts.pages.RegisterAndLoginClass] [the_user_creates_a_new_account] [com.cts.Stepdefinition.RegisterAndLogin.the_user_creates_a_new_account(RegisterAndLogin.java:31)] - the account created 
2020-04-11 12:00:05.061 DEBUG [main] [com.cts.pages.RegisterAndLoginClass] [the_user_enters_and_and_clicks] [com.cts.Stepdefinition.RegisterAndLogin.the_user_enters_and_and_clicks(RegisterAndLogin.java:39)] - the user logins using username and password
2020-04-11 12:02:39.731 DEBUG [main] [com.cts.pages.RegisterAndLoginClass] [the_user_launch_the_chrome_application] [com.cts.Stepdefinition.RegisterAndLogin.the_user_launch_the_chrome_application(RegisterAndLogin.java:22)] - Chrome is launched
2020-04-11 12:02:50.563 DEBUG [main] [com.cts.pages.RegisterAndLoginClass] [the_user_creates_a_new_account] [com.cts.Stepdefinition.RegisterAndLogin.the_user_creates_a_new_account(RegisterAndLogin.java:31)] - the account created 
2020-04-11 12:02:59.392 DEBUG [main] [com.cts.pages.RegisterAndLoginClass] [the_user_enters_and_and_clicks] [com.cts.Stepdefinition.RegisterAndLogin.the_user_enters_and_and_clicks(RegisterAndLogin.java:38)] - the user logins using username and password
2020-04-11 12:10:10.235 DEBUG [main] [com.cts.pages.RegisterAndLoginClass] [the_user_launch_the_chrome_application] [com.cts.Stepdefinition.RegisterAndLogin.the_user_launch_the_chrome_application(RegisterAndLogin.java:22)] - Chrome is launched
2020-04-11 12:10:24.505 DEBUG [main] [com.cts.pages.RegisterAndLoginClass] [the_user_creates_a_new_account] [com.cts.Stepdefinition.RegisterAndLogin.the_user_creates_a_new_account(RegisterAndLogin.java:31)] - the account created 
2020-04-11 12:10:34.803 DEBUG [main] [com.cts.pages.RegisterAndLoginClass] [the_user_enters_and_and_clicks] [com.cts.Stepdefinition.RegisterAndLogin.the_user_enters_and_and_clicks(RegisterAndLogin.java:38)] - the user logins using username and password
2020-04-11 12:45:26.448 DEBUG [main] [com.cts.pages.SearchClass] [the_user_launch_chrome_application] [com.cts.Stepdefinition.SearchProduct.the_user_launch_chrome_application(SearchProduct.java:27)] - the chrome launched
2020-04-11 12:46:44.865 DEBUG [main] [com.cts.pages.SearchClass] [the_user_launch_chrome_application] [com.cts.Stepdefinition.SearchProduct.the_user_launch_chrome_application(SearchProduct.java:27)] - the chrome launched
2020-04-11 12:46:59.423 DEBUG [main] [com.cts.pages.SearchClass] [click_on_the_search_button_select_the_product] [com.cts.Stepdefinition.SearchProduct.click_on_the_search_button_select_the_product(SearchProduct.java:35)] - the searched product opened
2020-04-11 13:01:50.210 DEBUG [main] [com.cts.pages.RegisterAndLoginClass] [the_user_launch_the_chrome_application] [com.cts.Stepdefinition.RegisterAndLogin.the_user_launch_the_chrome_application(RegisterAndLogin.java:22)] - Chrome is launched
2020-04-11 13:02:04.560 DEBUG [main] [com.cts.pages.RegisterAndLoginClass] [the_user_creates_a_new_account] [com.cts.Stepdefinition.RegisterAndLogin.the_user_creates_a_new_account(RegisterAndLogin.java:31)] - the account created 
2020-04-11 13:02:13.605 DEBUG [main] [com.cts.pages.RegisterAndLoginClass] [the_user_enters_and_and_clicks] [com.cts.Stepdefinition.RegisterAndLogin.the_user_enters_and_and_clicks(RegisterAndLogin.java:38)] - the user logins using username and password
2020-04-11 13:02:34.530 DEBUG [main] [com.cts.pages.SearchClass] [the_user_launch_chrome_application] [com.cts.Stepdefinition.SearchProduct.the_user_launch_chrome_application(SearchProduct.java:27)] - the chrome launched
2020-04-11 13:02:51.970 DEBUG [main] [com.cts.pages.SearchClass] [click_on_the_search_button_select_the_product] [com.cts.Stepdefinition.SearchProduct.click_on_the_search_button_select_the_product(SearchProduct.java:35)] - the searched product opened
2020-04-11 13:03:20.712 DEBUG [main] [com.cts.pages.SiteMapClass] [the_user_launch_the_chrome_application] [com.cts.Stepdefinition.SiteMap.the_user_launch_the_chrome_application(SiteMap.java:26)] - the chrome launched
2020-04-11 13:03:23.286 DEBUG [main] [com.cts.pages.SiteMapClass] [the_user_click_on_the_sitemap] [com.cts.Stepdefinition.SiteMap.the_user_click_on_the_sitemap(SiteMap.java:33)] - sitemap is selected
2020-04-11 13:03:27.499 DEBUG [main] [com.cts.pages.SiteMapClass] [select_special_offers] [com.cts.Stepdefinition.SiteMap.select_special_offers(SiteMap.java:41)] - specialoffers opened
2020-04-11 13:03:51.999 DEBUG [main] [com.cts.pages.AddToCartClass] [user_launch_the_chrome_application] [com.cts.Stepdefinition.AddToCart.user_launch_the_chrome_application(AddToCart.java:26)] - the chrome launched
2020-04-11 13:04:03.112 DEBUG [main] [com.cts.pages.AddToCartClass] [the_user_login_using_username_and_password] [com.cts.Stepdefinition.AddToCart.the_user_login_using_username_and_password(AddToCart.java:34)] - the user logged to the account 
2020-04-11 13:04:07.375 DEBUG [main] [com.cts.pages.AddToCartClass] [go_to_wishlist] [com.cts.Stepdefinition.AddToCart.go_to_wishlist(AddToCart.java:41)] - items added to the wishlist
2020-04-11 13:04:11.976 DEBUG [main] [com.cts.pages.AddToCartClass] [add_the_product_to_cart] [com.cts.Stepdefinition.AddToCart.add_the_product_to_cart(AddToCart.java:50)] - selected products added to the cart
2020-04-11 13:04:43.151 DEBUG [main] [com.cts.pages.EditAcntClass] [user_launch_the_chrome_app] [com.cts.Stepdefinition.EditAcnt.user_launch_the_chrome_app(EditAcnt.java:22)] - The chrome launched
2020-04-11 13:04:51.574 DEBUG [main] [com.cts.pages.EditAcntClass] [user_login_using_un_and_pw] [com.cts.Stepdefinition.EditAcnt.user_login_using_un_and_pw(EditAcnt.java:29)] - The user logins into account
2020-04-11 13:05:01.478 DEBUG [main] [com.cts.pages.EditAcntClass] [click_on_edit_your_accont_details] [com.cts.Stepdefinition.EditAcnt.click_on_edit_your_accont_details(EditAcnt.java:36)] - The account details are updated
2020-04-11 14:23:35.560 DEBUG [main] [com.cts.pages.EditAcntClass] [user_launch_the_chrome_app] [com.cts.Stepdefinition.EditAcnt.user_launch_the_chrome_app(EditAcnt.java:22)] - The chrome launched
2020-04-11 14:23:44.766 DEBUG [main] [com.cts.pages.EditAcntClass] [user_login_using_un_and_pw] [com.cts.Stepdefinition.EditAcnt.user_login_using_un_and_pw(EditAcnt.java:29)] - The user logins into account
2020-04-11 14:24:54.626 DEBUG [main] [com.cts.pages.EditAcntClass] [user_launch_the_chrome_app] [com.cts.Stepdefinition.EditAcnt.user_launch_the_chrome_app(EditAcnt.java:22)] - The chrome launched
2020-04-11 14:25:00.075 DEBUG [main] [com.cts.pages.EditAcntClass] [user_login_using_un_and_pw] [com.cts.Stepdefinition.EditAcnt.user_login_using_un_and_pw(EditAcnt.java:29)] - The user logins into account
2020-04-11 14:25:06.090 DEBUG [main] [com.cts.pages.EditAcntClass] [click_on_edit_your_accont_details] [com.cts.Stepdefinition.EditAcnt.click_on_edit_your_accont_details(EditAcnt.java:36)] - The account details are updated
2020-04-11 15:19:15.149 DEBUG [main] [com.cts.pages.RegisterAndLoginClass] [the_user_launch_the_chrome_application] [com.cts.Stepdefinition.RegisterAndLogin.the_user_launch_the_chrome_application(RegisterAndLogin.java:22)] - Chrome is launched
2020-04-11 15:19:25.628 DEBUG [main] [com.cts.pages.RegisterAndLoginClass] [the_user_creates_a_new_account] [com.cts.Stepdefinition.RegisterAndLogin.the_user_creates_a_new_account(RegisterAndLogin.java:31)] - the account created 
2020-04-11 15:19:35.764 DEBUG [main] [com.cts.pages.RegisterAndLoginClass] [the_user_enters_and_and_clicks] [com.cts.Stepdefinition.RegisterAndLogin.the_user_enters_and_and_clicks(RegisterAndLogin.java:38)] - the user logins using username and password
